<?xml version="1.0" encoding="UTF-8"?>
<!-- Generated by org.testng.reporters.JUnitReportReporter -->
<testsuite hostname="MacBook-Pro-de-Yohanna.local" failures="0" tests="2" name="scripts.grabarVideoHooly" time="5.132" errors="0" timestamp="2019-09-07T23:27:42 CLT" skipped="0">
  <testcase classname="scripts.grabarVideoHooly" name="ingresarRutInvalido" time="2.127"/>
  <testcase classname="scripts.grabarVideoHooly" name="cargarEvidencias" time="3.005"/>
</testsuite> <!-- scripts.grabarVideoHooly -->
