<?xml version="1.0" encoding="UTF-8"?>
<!-- Generated by org.testng.reporters.JUnitReportReporter -->
<testsuite hostname="MacBook-Pro-de-Pablo.local" name="scripts.grabarVideo" tests="2" failures="0" timestamp="20 Aug 2019 20:09:46 GMT" time="5.594" errors="0">
  <testcase name="cargarEvidencias" time="3.004" classname="scripts.grabarVideo"/>
  <testcase name="ingresarRutInvalido" time="2.590" classname="scripts.grabarVideo"/>
</testsuite> <!-- scripts.grabarVideo -->
